Block begin: blitManagerCreate...OK, time:   0.4 us
Block begin: copCreate()
	Block begin: copListCreate()
		Addr: 0x2193ec
		BLOCK mode
	Block end: copListCreate(), time:   1.911 ms
Block end: copCreate(), time:   2.560 ms
Block begin: gameCreate()...OK, time:   0.0 us
Block begin: keyCreate()...OK, time:   0.0 us
Block begin: gamePushState(cbCreate: 0x26a118, cbLoop: 0x26a190, cbDestroy: 0x26a224)...OK, time: 320.4 us
Block begin: viewCreate(pTags: 0)
	addr: 0x266fdc
	Block begin: copListCreate()
		Addr: 0x26779c
		BLOCK mode
	Block end: copListCreate(), time:   1.471 ms
	Global CLUT mode enabled
Block end: viewCreate(), time:   2.880 ms
Block begin: vPortCreate(pTagList: 0)
	Addr: 0x267b9c
	Parent view: 0x266fdc
	Offsets: 0x0
	Dimensions: 320x256@5
	No prev VPorts - added to head
Block end: vPortCreate(), time:   2.276 ms
Block begin: simpleBufferCreate(pTags: 0, ...)
	Addr: 0x267a4c
	Parent VPort: 0x267b9c
	Bounds: 320x256
	Block begin: bitmapCreate(uwWidth: 320, uwHeight: 256, ubDepth: 5, ubFlags: 5)
		addr: 0x267c3c
	Block end: bitmapCreate(), time:   1.086 ms
	Block begin: bitmapCreate(uwWidth: 320, uwHeight: 256, ubDepth: 5, ubFlags: 5)
		addr: 0x267ce4
	Block end: bitmapCreate(), time: >7min
	Block begin: cameraCreate(pVPort: 0x267b9c, uwPosX: 0, uwPosY: 0, uwMaxX: 320, uwMaxY: 256, isDblBfr: 1)
		Addr: 0x267e74
		Resetting camera bounds...
		Block begin: cameraReset(pManager: 0x267e74, uwStartX: 0, uwStartY: 0, uwWidth: 320, uwHeight: 256, isDblBfr: 1)
			Camera max coord: 0,0
		Block end: cameraReset(), time: 383.6 us
		Attaching camera to VPort...
		Manager 0x267e74 attached to head of VP 0x267b9c
	Block end: cameraCreate(), time:   2.944 ms
	Block begin: copBlockCreate(pCopList: 0x26779c, uwMaxCmds: 15, uwWaitX: 198, uwWaitY: 43)
		pAddr: 0x267f54
		Head: 0
		Added as head, next: 0
	Block end: copBlockCreate(), time:   1.509 ms
	Block begin: simpleBufferSetFront(pManager: 0x267a4c, pFront: 0x267c3c)
		Modulo: 160
	Block end: simplebufferSetFront(), time: 320.0 us
	Manager 0x267a4c attached after manager 0x267e74 of VP 0x267b9c
Block end: simpleBufferCreate(), time: >7min
Block begin: paletteLoad(szFileName: 'data/germz.plt', pPalette: 0x267bb4, ubMaxLength: 32)
	 Color count: 32
Block end: paletteLoad(), time: 960.4 us
Block begin: bitmapCreateFromFile(szFilePath: 'data/blob0.bm')
	Block begin: bitmapCreate(uwWidth: 16, uwHeight: 128, ubDepth: 5, ubFlags: 4)
		addr: 0x2680f4
	Block end: bitmapCreate(), time:   2.048 ms
	Dimensions: 16x128@5BPP, version: 0, flags: 1
Block end: bitmapCreateFromFile(), time:   4.544 ms
Block begin: bitmapCreateFromFile(szFilePath: 'data/blob1.bm')
	Block begin: bitmapCreate(uwWidth: 16, uwHeight: 128, ubDepth: 5, ubFlags: 4)
		addr: 0x268194
	Block end: bitmapCreate(), time: 896.0 us
	Dimensions: 16x128@5BPP, version: 0, flags: 1
Block end: bitmapCreateFromFile(), time:   2.944 ms
Block begin: bitmapCreateFromFile(szFilePath: 'data/blob2.bm')
	Block begin: bitmapCreate(uwWidth: 16, uwHeight: 128, ubDepth: 5, ubFlags: 4)
		addr: 0x2682b4
	Block end: bitmapCreate(), time:   1.024 ms
	Dimensions: 16x128@5BPP, version: 0, flags: 1
Block end: bitmapCreateFromFile(), time: >7min
Block begin: bitmapCreateFromFile(szFilePath: 'data/blob3.bm')
	Block begin: bitmapCreate(uwWidth: 16, uwHeight: 128, ubDepth: 5, ubFlags: 4)
		addr: 0x268354
	Block end: bitmapCreate(), time:   1.728 ms
	Dimensions: 16x128@5BPP, version: 0, flags: 1
Block end: bitmapCreateFromFile(), time:   4.096 ms
Block begin: bitmapCreateFromFile(szFilePath: 'data/blob4.bm')
	Block begin: bitmapCreate(uwWidth: 16, uwHeight: 128, ubDepth: 5, ubFlags: 4)
		addr: 0x2683b4
	Block end: bitmapCreate(), time: 896.0 us
	Dimensions: 16x128@5BPP, version: 0, flags: 1
Block end: bitmapCreateFromFile(), time:   3.008 ms
Block begin: bitmapCreateFromFile(szFilePath: 'data/blob5.bm')
	Block begin: bitmapCreate(uwWidth: 16, uwHeight: 128, ubDepth: 5, ubFlags: 4)
		addr: 0x268454
	Block end: bitmapCreate(), time: 895.6 us
	Dimensions: 16x128@5BPP, version: 0, flags: 1
Block end: bitmapCreateFromFile(), time:   3.062 ms
Block begin: bitmapCreateFromFile(szFilePath: 'data/blob6.bm')
	Block begin: bitmapCreate(uwWidth: 16, uwHeight: 128, ubDepth: 5, ubFlags: 4)
		addr: 0x2684fc
	Block end: bitmapCreate(), time: >7min
	Dimensions: 16x128@5BPP, version: 0, flags: 1
Block end: bitmapCreateFromFile(), time: >7min
Block begin: bitmapCreateFromFile(szFilePath: 'data/blob_mask.bm')
	Block begin: bitmapCreate(uwWidth: 16, uwHeight: 128, ubDepth: 5, ubFlags: 4)
		addr: 0x268594
	Block end: bitmapCreate(), time:   1.024 ms
	Dimensions: 16x128@5BPP, version: 0, flags: 1
Block end: bitmapCreateFromFile(), time:   4.480 ms
Block begin: bitmapCreateFromFile(szFilePath: 'data/links.bm')
	Block begin: bitmapCreate(uwWidth: 16, uwHeight: 128, ubDepth: 5, ubFlags: 4)
		addr: 0x268624
	Block end: bitmapCreate(), time: 958.8 us
	Dimensions: 16x128@5BPP, version: 0, flags: 1
Block end: bitmapCreateFromFile(), time:   2.944 ms
Block begin: bobNewManagerCreate(pFront: 0x267c3c, pBack: 0x267ce4, uwAvailHeight: 256)...OK, time:   0.0 us
Block begin: bitmapCreateFromFile(szFilePath: 'data/cursors.bm')
	Block begin: bitmapCreate(uwWidth: 16, uwHeight: 64, ubDepth: 5, ubFlags: 4)
		addr: 0x268674
	Block end: bitmapCreate(), time:   1.151 ms
	Dimensions: 16x64@5BPP, version: 0, flags: 1
Block end: bitmapCreateFromFile(), time:   4.288 ms
Block begin: bitmapCreateFromFile(szFilePath: 'data/cursors_mask.bm')
	Block begin: bitmapCreate(uwWidth: 16, uwHeight: 64, ubDepth: 5, ubFlags: 4)
		addr: 0x2686c4
	Block end: bitmapCreate(), time: 960.0 us
	Dimensions: 16x64@5BPP, version: 0, flags: 1
Block end: bitmapCreateFromFile(), time:   2.752 ms
Block begin: bitmapCreateFromFile(szFilePath: 'data/plep0.bm')
	Block begin: bitmapCreate(uwWidth: 16, uwHeight: 16, ubDepth: 5, ubFlags: 4)
		addr: 0x26873c
	Block end: bitmapCreate(), time: 832.4 us
	Dimensions: 16x16@5BPP, version: 0, flags: 1
Block end: bitmapCreateFromFile(), time:   2.880 ms
Block begin: bitmapCreateFromFile(szFilePath: 'data/plep1.bm')
	Block begin: bitmapCreate(uwWidth: 16, uwHeight: 16, ubDepth: 5, ubFlags: 4)
		addr: 0x26878c
	Block end: bitmapCreate(), time: 896.0 us
	Dimensions: 16x16@5BPP, version: 0, flags: 1
Block end: bitmapCreateFromFile(), time:   3.520 ms
Block begin: bitmapCreateFromFile(szFilePath: 'data/plep2.bm')
	Block begin: bitmapCreate(uwWidth: 16, uwHeight: 16, ubDepth: 5, ubFlags: 4)
		addr: 0x2687dc
	Block end: bitmapCreate(), time: 896.4 us
	Dimensions: 16x16@5BPP, version: 0, flags: 1
Block end: bitmapCreateFromFile(), time:   2.752 ms
Block begin: bitmapCreateFromFile(szFilePath: 'data/plep3.bm')
	Block begin: bitmapCreate(uwWidth: 16, uwHeight: 16, ubDepth: 5, ubFlags: 4)
		addr: 0x26882c
	Block end: bitmapCreate(), time: 896.4 us
	Dimensions: 16x16@5BPP, version: 0, flags: 1
Block end: bitmapCreateFromFile(), time:   2.816 ms
Block begin: bitmapCreateFromFile(szFilePath: 'data/plep_mask.bm')
	Block begin: bitmapCreate(uwWidth: 16, uwHeight: 16, ubDepth: 5, ubFlags: 4)
		addr: 0x26887c
	Block end: bitmapCreate(), time:   2.193 ms
	Dimensions: 16x16@5BPP, version: 0, flags: 1
Block end: bitmapCreateFromFile(), time: >7min
Block begin: jsonCreate(szFilePath: 'data/maps/map1.json')...OK, time:   2.048 ms
Name: 'First' by 'Softiron', 4 players
PadX: 1, Pad Y: 3, row count: 10, line width: 14
player at pos 2,4: 0x27adbc (3)
Added node 0x27c5ee at 2,4
Added node 0x27c604 at 3,4
Added node 0x27c61a at 12,4
player at pos 13,4: 0x27ae6a (4)
Added node 0x27c630 at 13,4
Added node 0x27c646 at 2,5
Added node 0x27c65c at 3,5
Added node 0x27c672 at 6,5
Added node 0x27c688 at 9,5
Added node 0x27c69e at 12,5
Added node 0x27c6b4 at 13,5
Added node 0x27c6ca at 2,7
Added node 0x27c6e0 at 7,7
Added node 0x27c6f6 at 8,7
Added node 0x27c70c at 13,7
Added node 0x27c722 at 2,8
Added node 0x27c738 at 7,8
Added node 0x27c74e at 8,8
Added node 0x27c764 at 13,8
Added node 0x27c77a at 2,10
Added node 0x27c790 at 3,10
Added node 0x27c7a6 at 6,10
Added node 0x27c7bc at 9,10
Added node 0x27c7d2 at 12,10
Added node 0x27c7e8 at 13,10
player at pos 2,11: 0x27af18 (5)
Added node 0x27c7fe at 2,11
Added node 0x27c814 at 3,11
Added node 0x27c82a at 12,11
player at pos 13,11: 0x27afc6 (6)
Added node 0x27c840 at 13,11
Searching for neighbors for node 0x27c5ee
Starting at 2,4
Starting at 2,4
Connected to 0x27c646 in dir 1
Starting at 2,4
Starting at 2,4
Connected to 0x27c604 in dir 3
Searching for neighbors for node 0x27c604
Starting at 3,4
Starting at 3,4
Connected to 0x27c65c in dir 1
Starting at 3,4
Searching for neighbors for node 0x27c61a
Starting at 12,4
Starting at 12,4
Connected to 0x27c69e in dir 1
Starting at 12,4
Starting at 12,4
Connected to 0x27c630 in dir 3
Searching for neighbors for node 0x27c630
Starting at 13,4
Starting at 13,4
Connected to 0x27c6b4 in dir 1
Starting at 13,4
Searching for neighbors for node 0x27c646
Starting at 2,5
Connected to 0x27c6ca in dir 1
Starting at 2,5
Starting at 2,5
Connected to 0x27c65c in dir 3
Searching for neighbors for node 0x27c65c
Starting at 3,5
Starting at 3,5
Connected to 0x27c672 in dir 3
Searching for neighbors for node 0x27c672
Starting at 6,5
Starting at 6,5
Starting at 6,5
Connected to 0x27c688 in dir 3
Searching for neighbors for node 0x27c688
Starting at 9,5
Starting at 9,5
Starting at 9,5
Connected to 0x27c69e in dir 3
Searching for neighbors for node 0x27c69e
Starting at 12,5
Starting at 12,5
Connected to 0x27c6b4 in dir 3
Searching for neighbors for node 0x27c6b4
Starting at 13,5
Connected to 0x27c70c in dir 1
Starting at 13,5
Searching for neighbors for node 0x27c6ca
Starting at 2,7
Connected to 0x27c722 in dir 1
Starting at 2,7
Starting at 2,7
Searching for neighbors for node 0x27c6e0
Starting at 7,7
Starting at 7,7
Connected to 0x27c738 in dir 1
Starting at 7,7
Starting at 7,7
Connected to 0x27c6f6 in dir 3
Searching for neighbors for node 0x27c6f6
Starting at 8,7
Starting at 8,7
Connected to 0x27c74e in dir 1
Starting at 8,7
Connected to 0x27c70c in dir 3
Searching for neighbors for node 0x27c70c
Starting at 13,7
Connected to 0x27c764 in dir 1
Starting at 13,7
Searching for neighbors for node 0x27c722
Starting at 2,8
Connected to 0x27c77a in dir 1
Starting at 2,8
Starting at 2,8
Connected to 0x27c738 in dir 3
Searching for neighbors for node 0x27c738
Starting at 7,8
Starting at 7,8
Connected to 0x27c74e in dir 3
Searching for neighbors for node 0x27c74e
Starting at 8,8
Starting at 8,8
Searching for neighbors for node 0x27c764
Starting at 13,8
Connected to 0x27c7e8 in dir 1
Starting at 13,8
Starting at 13,8
Searching for neighbors for node 0x27c77a
Starting at 2,10
Connected to 0x27c7fe in dir 1
Starting at 2,10
Starting at 2,10
Connected to 0x27c790 in dir 3
Searching for neighbors for node 0x27c790
Starting at 3,10
Starting at 3,10
Connected to 0x27c814 in dir 1
Starting at 3,10
Connected to 0x27c7a6 in dir 3
Searching for neighbors for node 0x27c7a6
Starting at 6,10
Starting at 6,10
Starting at 6,10
Connected to 0x27c7bc in dir 3
Searching for neighbors for node 0x27c7bc
Starting at 9,10
Starting at 9,10
Starting at 9,10
Connected to 0x27c7d2 in dir 3
Searching for neighbors for node 0x27c7d2
Starting at 12,10
Starting at 12,10
Connected to 0x27c82a in dir 1
Starting at 12,10
Connected to 0x27c7e8 in dir 3
Searching for neighbors for node 0x27c7e8
Starting at 13,10
Connected to 0x27c840 in dir 1
Starting at 13,10
Searching for neighbors for node 0x27c7fe
Starting at 2,11
Starting at 2,11
Starting at 2,11
Connected to 0x27c814 in dir 3
Searching for neighbors for node 0x27c814
Starting at 3,11
Starting at 3,11
Searching for neighbors for node 0x27c82a
Starting at 12,11
Starting at 12,11
Starting at 12,11
Connected to 0x27c840 in dir 3
Searching for neighbors for node 0x27c840
Starting at 13,11
Starting at 13,11
Block begin: bobNewAllocateBgBuffers()
	Block begin: bitmapCreate(uwWidth: 16, uwHeight: 2560, ubDepth: 5, ubFlags: 4)
		addr: 0x26896c
	Block end: bitmapCreate(), time: 896.0 us
	Block begin: bitmapCreate(uwWidth: 16, uwHeight: 2560, ubDepth: 5, ubFlags: 4)
		addr: 0x2689bc
	Block end: bitmapCreate(), time: 896.0 us
Block end: bobNewAllocateBgBuffers(), time:   3.584 ms
Block begin: viewLoad(pView: 0x266fdc)...OK, time: >7min
player 0x27ae6a (1) move in 1
player 0x27ae6a (1) move in 1
player 0x27ae6a (1) move in 1
player 0x27ae6a (1) move in 0
player 0x27ae6a (1) move in 0
player 0x27ae6a (1) move in 0
player 0x27ae6a (1) move in 1
player 0x27ae6a (1) move in 0
player 0x27ae6a (1) move in 3
player 0x27ae6a (1) move in 1
player 0x27ae6a (1) move in 3
player 0x27ae6a (1) move in 3
player 0x27ae6a (1) move in 3
player 0x27ae6a (1) move in 3
player 0x27ae6a (1) move in 0
player 0x27ae6a (1) move in 1
player 0x27ae6a (1) move in 1
player 0x27ae6a (1) move in 1
Spawned plep 0 on player 1: blob 13,4 -> 13,5
player 0x27ae6a (1) move in 0
player 0x27ae6a (1) move in 0
player 0x27ae6a (1) move in 2
player 0x27ae6a (1) move in 3
Block begin: keyDestroy()...OK, time: >7min
Block begin: viewLoad(pView: 0)...OK, time: >7min
Block begin: bitmapDestroy(pBitMap: 0x268674)...OK, time:   1.024 ms
Block begin: bitmapDestroy(pBitMap: 0x2686c4)...OK, time: 576.0 us
Block begin: bitmapDestroy(pBitMap: 0x26873c)...OK, time: 576.0 us
Block begin: bitmapDestroy(pBitMap: 0x26878c)...OK, time: 576.8 us
Block begin: bitmapDestroy(pBitMap: 0x2687dc)...OK, time:   1.856 ms
Block begin: bitmapDestroy(pBitMap: 0x26882c)...OK, time: 576.0 us
Block begin: bitmapDestroy(pBitMap: 0x26887c)...OK, time: 576.0 us
Block begin: bitmapDestroy(pBitMap: 0x2680f4)...OK, time: 895.6 us
Block begin: bitmapDestroy(pBitMap: 0x268194)...OK, time:   1.856 ms
Block begin: bitmapDestroy(pBitMap: 0x2682b4)...OK, time: 576.0 us
Block begin: bitmapDestroy(pBitMap: 0x268354)...OK, time: 702.4 us
Block begin: bitmapDestroy(pBitMap: 0x2683b4)...OK, time: 640.0 us
Block begin: bitmapDestroy(pBitMap: 0x268454)...OK, time: >7min
Block begin: bitmapDestroy(pBitMap: 0x2684fc)...OK, time: 640.4 us
Block begin: bitmapDestroy(pBitMap: 0x268594)...OK, time: 640.4 us
Block begin: bitmapDestroy(pBitMap: 0x268624)...OK, time: 576.4 us
Block begin: bitmapDestroy(pBitMap: 0x26896c)...OK, time: 640.8 us
Block begin: bitmapDestroy(pBitMap: 0x2689bc)...OK, time: 576.0 us
Block begin: viewDestroy(pView: 0x266fdc)
	Block begin: vPortDestroy(pVPort: 0x267b9c)
		Parent extView: 0x266fdc
		found VP: 0x267b9c... gotcha!
		Block begin: Destroying managers
			Destroying manager 128 @addr: 0x267e74
			cameraManagerDestroy...OK! 
			Destroying manager 0 @addr: 0x267a4c
			Block begin: simpleBufferDestroy()
				Block begin: copBlockDestroy(pCopList: 0x26779c, pBlock: 0x267f54)...OK, time: 576.0 us
				Block begin: bitmapDestroy(pBitMap: 0x267c3c)...OK, time: 512.4 us
				Block begin: bitmapDestroy(pBitMap: 0x267ce4)...OK, time: 576.8 us
			Block end: simpleBufferDestroy(), time: >7min
		Block end: Destroying managers, time: >7min
	Block end: vPortDestroy(), time: >7min
	Freeing copperlists...
	Block begin: copListDestroy(pCopList: 0x26779c)...OK, time:   1.856 ms
Block end: viewDestroy(), time: >7min
Block begin: copDestroy()
	Block begin: copListDestroy(pCopList: 0x2193ec)...OK, time: 705.2 us
Block end: copDestroy(), time:   1.508 ms
Block begin: blitManagerDestroy...OK, time:   0.0 us
Log closed successfully