Allocated FAST memory 0@0x2193ec, size 16 (C:/prg/_git/germz/deps/ace/src/ace/managers/copper.c:136)
Allocated FAST memory 1@0x231b6c, size 8 (C:/prg/_git/germz/deps/ace/src/ace/managers/copper.c:138)
Allocated FAST memory 2@0x231cbc, size 8 (C:/prg/_git/germz/deps/ace/src/ace/managers/copper.c:139)
Allocated FAST memory 3@0x231d34, size 16 (C:/prg/_git/germz/deps/ace/src/ace/managers/game.c:31)
Allocated FAST memory 4@0x266fdc, size 12 (C:/prg/_git/germz/deps/ace/src/ace/utils/extview.c:16)
Allocated FAST memory 5@0x26779c, size 16 (C:/prg/_git/germz/deps/ace/src/ace/managers/copper.c:136)
Allocated FAST memory 6@0x26733c, size 8 (C:/prg/_git/germz/deps/ace/src/ace/managers/copper.c:138)
Allocated FAST memory 7@0x267a1c, size 8 (C:/prg/_git/germz/deps/ace/src/ace/managers/copper.c:139)
Allocated FAST memory 8@0x267b9c, size 88 (C:/prg/_git/germz/deps/ace/src/ace/utils/extview.c:145)
Allocated FAST memory 9@0x267a4c, size 42 (C:/prg/_git/germz/deps/ace/src/ace/managers/viewport/simplebuffer.c:115)
Allocated FAST memory 10@0x267c3c, size 40 (C:/prg/_git/germz/deps/ace/src/ace/utils/bitmap.c:29)
Allocated CHIP memory 11@0x1c614, size 51200 (C:/prg/_git/germz/deps/ace/src/ace/utils/bitmap.c:42)
Allocated FAST memory 12@0x267ce4, size 40 (C:/prg/_git/germz/deps/ace/src/ace/utils/bitmap.c:29)
Allocated CHIP memory 13@0x28e1c, size 51200 (C:/prg/_git/germz/deps/ace/src/ace/utils/bitmap.c:42)
Allocated FAST memory 14@0x267e74, size 36 (C:/prg/_git/germz/deps/ace/src/ace/managers/viewport/camera.c:18)
Allocated FAST memory 15@0x267f54, size 20 (C:/prg/_git/germz/deps/ace/src/ace/managers/copper.c:216)
Allocated FAST memory 16@0x2684a4, size 60 (C:/prg/_git/germz/deps/ace/src/ace/managers/copper.c:219)
Allocated FAST memory 17@0x2680f4, size 40 (C:/prg/_git/germz/deps/ace/src/ace/utils/bitmap.c:29)
Allocated CHIP memory 18@0x35624, size 1280 (C:/prg/_git/germz/deps/ace/src/ace/utils/bitmap.c:42)
Allocated FAST memory 19@0x268194, size 40 (C:/prg/_git/germz/deps/ace/src/ace/utils/bitmap.c:29)
Allocated CHIP memory 20@0x35b2c, size 1280 (C:/prg/_git/germz/deps/ace/src/ace/utils/bitmap.c:42)
Allocated FAST memory 21@0x2682b4, size 40 (C:/prg/_git/germz/deps/ace/src/ace/utils/bitmap.c:29)
Allocated CHIP memory 22@0x36034, size 1280 (C:/prg/_git/germz/deps/ace/src/ace/utils/bitmap.c:42)
Allocated FAST memory 23@0x268354, size 40 (C:/prg/_git/germz/deps/ace/src/ace/utils/bitmap.c:29)
Allocated CHIP memory 24@0x3653c, size 1280 (C:/prg/_git/germz/deps/ace/src/ace/utils/bitmap.c:42)
Allocated FAST memory 25@0x2683b4, size 40 (C:/prg/_git/germz/deps/ace/src/ace/utils/bitmap.c:29)
Allocated CHIP memory 26@0x36a44, size 1280 (C:/prg/_git/germz/deps/ace/src/ace/utils/bitmap.c:42)
Allocated FAST memory 27@0x268454, size 40 (C:/prg/_git/germz/deps/ace/src/ace/utils/bitmap.c:29)
Allocated CHIP memory 28@0x36f4c, size 1280 (C:/prg/_git/germz/deps/ace/src/ace/utils/bitmap.c:42)
Allocated FAST memory 29@0x2684fc, size 40 (C:/prg/_git/germz/deps/ace/src/ace/utils/bitmap.c:29)
Allocated CHIP memory 30@0x37454, size 1280 (C:/prg/_git/germz/deps/ace/src/ace/utils/bitmap.c:42)
Allocated FAST memory 31@0x268594, size 40 (C:/prg/_git/germz/deps/ace/src/ace/utils/bitmap.c:29)
Allocated CHIP memory 32@0x3795c, size 1280 (C:/prg/_git/germz/deps/ace/src/ace/utils/bitmap.c:42)
Allocated FAST memory 33@0x268624, size 40 (C:/prg/_git/germz/deps/ace/src/ace/utils/bitmap.c:29)
Allocated CHIP memory 34@0x37e64, size 1280 (C:/prg/_git/germz/deps/ace/src/ace/utils/bitmap.c:42)
Allocated FAST memory 35@0x268674, size 40 (C:/prg/_git/germz/deps/ace/src/ace/utils/bitmap.c:29)
Allocated CHIP memory 36@0x3836c, size 640 (C:/prg/_git/germz/deps/ace/src/ace/utils/bitmap.c:42)
Allocated FAST memory 37@0x2686c4, size 40 (C:/prg/_git/germz/deps/ace/src/ace/utils/bitmap.c:29)
Allocated CHIP memory 38@0x385f4, size 640 (C:/prg/_git/germz/deps/ace/src/ace/utils/bitmap.c:42)
Allocated FAST memory 39@0x26873c, size 40 (C:/prg/_git/germz/deps/ace/src/ace/utils/bitmap.c:29)
Allocated CHIP memory 40@0x3887c, size 160 (C:/prg/_git/germz/deps/ace/src/ace/utils/bitmap.c:42)
Allocated FAST memory 41@0x26878c, size 40 (C:/prg/_git/germz/deps/ace/src/ace/utils/bitmap.c:29)
Allocated CHIP memory 42@0x38924, size 160 (C:/prg/_git/germz/deps/ace/src/ace/utils/bitmap.c:42)
Allocated FAST memory 43@0x2687dc, size 40 (C:/prg/_git/germz/deps/ace/src/ace/utils/bitmap.c:29)
Allocated CHIP memory 44@0x389cc, size 160 (C:/prg/_git/germz/deps/ace/src/ace/utils/bitmap.c:42)
Allocated FAST memory 45@0x26882c, size 40 (C:/prg/_git/germz/deps/ace/src/ace/utils/bitmap.c:29)
Allocated CHIP memory 46@0x38a74, size 160 (C:/prg/_git/germz/deps/ace/src/ace/utils/bitmap.c:42)
Allocated FAST memory 47@0x26887c, size 40 (C:/prg/_git/germz/deps/ace/src/ace/utils/bitmap.c:29)
Allocated CHIP memory 48@0x38b1c, size 160 (C:/prg/_git/germz/deps/ace/src/ace/utils/bitmap.c:42)
Allocated FAST memory 49@0x268054, size 10 (C:/prg/_git/germz/src/json/json.c:12)
Allocated FAST memory 50@0x2688cc, size 292 (C:/prg/_git/germz/src/json/json.c:16)
Allocated FAST memory 51@0x27a42c, size 304 (C:/prg/_git/germz/src/json/json.c:40)
Allocated FAST memory 52@0x27c1c4, size 2796 (C:/prg/_git/germz/src/map.c:101)
freed memory 51@0x27a42c, size 304 (C:/prg/_git/germz/src/json/json.c:58)
freed memory 50@0x2688cc, size 292 (C:/prg/_git/germz/src/json/json.c:59)
freed memory 49@0x268054, size 10 (C:/prg/_git/germz/src/json/json.c:60)
Allocated FAST memory 53@0x2688cc, size 64 (C:/prg/_git/germz/src/bob_new.c:70)
Allocated FAST memory 54@0x268914, size 64 (C:/prg/_git/germz/src/bob_new.c:71)
Allocated FAST memory 55@0x26896c, size 40 (C:/prg/_git/germz/deps/ace/src/ace/utils/bitmap.c:29)
Allocated CHIP memory 56@0x38bc4, size 25600 (C:/prg/_git/germz/deps/ace/src/ace/utils/bitmap.c:42)
Allocated FAST memory 57@0x2689bc, size 40 (C:/prg/_git/germz/deps/ace/src/ace/utils/bitmap.c:29)
Allocated CHIP memory 58@0x3efcc, size 25600 (C:/prg/_git/germz/deps/ace/src/ace/utils/bitmap.c:42)
Allocated CHIP memory 59@0x453d4, size 68 (C:/prg/_git/germz/deps/ace/src/ace/managers/copper.c:326)
Allocated CHIP memory 60@0x45424, size 68 (C:/prg/_git/germz/deps/ace/src/ace/managers/copper.c:326)
freed memory 36@0x3836c, size 640 (C:/prg/_git/germz/deps/ace/src/ace/utils/bitmap.c:353)
freed memory 35@0x268674, size 40 (C:/prg/_git/germz/deps/ace/src/ace/utils/bitmap.c:355)
freed memory 38@0x385f4, size 640 (C:/prg/_git/germz/deps/ace/src/ace/utils/bitmap.c:353)
freed memory 37@0x2686c4, size 40 (C:/prg/_git/germz/deps/ace/src/ace/utils/bitmap.c:355)
freed memory 40@0x3887c, size 160 (C:/prg/_git/germz/deps/ace/src/ace/utils/bitmap.c:353)
freed memory 39@0x26873c, size 40 (C:/prg/_git/germz/deps/ace/src/ace/utils/bitmap.c:355)
freed memory 42@0x38924, size 160 (C:/prg/_git/germz/deps/ace/src/ace/utils/bitmap.c:353)
freed memory 41@0x26878c, size 40 (C:/prg/_git/germz/deps/ace/src/ace/utils/bitmap.c:355)
freed memory 44@0x389cc, size 160 (C:/prg/_git/germz/deps/ace/src/ace/utils/bitmap.c:353)
freed memory 43@0x2687dc, size 40 (C:/prg/_git/germz/deps/ace/src/ace/utils/bitmap.c:355)
freed memory 46@0x38a74, size 160 (C:/prg/_git/germz/deps/ace/src/ace/utils/bitmap.c:353)
freed memory 45@0x26882c, size 40 (C:/prg/_git/germz/deps/ace/src/ace/utils/bitmap.c:355)
freed memory 48@0x38b1c, size 160 (C:/prg/_git/germz/deps/ace/src/ace/utils/bitmap.c:353)
freed memory 47@0x26887c, size 40 (C:/prg/_git/germz/deps/ace/src/ace/utils/bitmap.c:355)
freed memory 18@0x35624, size 1280 (C:/prg/_git/germz/deps/ace/src/ace/utils/bitmap.c:353)
freed memory 17@0x2680f4, size 40 (C:/prg/_git/germz/deps/ace/src/ace/utils/bitmap.c:355)
freed memory 20@0x35b2c, size 1280 (C:/prg/_git/germz/deps/ace/src/ace/utils/bitmap.c:353)
freed memory 19@0x268194, size 40 (C:/prg/_git/germz/deps/ace/src/ace/utils/bitmap.c:355)
freed memory 22@0x36034, size 1280 (C:/prg/_git/germz/deps/ace/src/ace/utils/bitmap.c:353)
freed memory 21@0x2682b4, size 40 (C:/prg/_git/germz/deps/ace/src/ace/utils/bitmap.c:355)
freed memory 24@0x3653c, size 1280 (C:/prg/_git/germz/deps/ace/src/ace/utils/bitmap.c:353)
freed memory 23@0x268354, size 40 (C:/prg/_git/germz/deps/ace/src/ace/utils/bitmap.c:355)
freed memory 26@0x36a44, size 1280 (C:/prg/_git/germz/deps/ace/src/ace/utils/bitmap.c:353)
freed memory 25@0x2683b4, size 40 (C:/prg/_git/germz/deps/ace/src/ace/utils/bitmap.c:355)
freed memory 28@0x36f4c, size 1280 (C:/prg/_git/germz/deps/ace/src/ace/utils/bitmap.c:353)
freed memory 27@0x268454, size 40 (C:/prg/_git/germz/deps/ace/src/ace/utils/bitmap.c:355)
freed memory 30@0x37454, size 1280 (C:/prg/_git/germz/deps/ace/src/ace/utils/bitmap.c:353)
freed memory 29@0x2684fc, size 40 (C:/prg/_git/germz/deps/ace/src/ace/utils/bitmap.c:355)
freed memory 32@0x3795c, size 1280 (C:/prg/_git/germz/deps/ace/src/ace/utils/bitmap.c:353)
freed memory 31@0x268594, size 40 (C:/prg/_git/germz/deps/ace/src/ace/utils/bitmap.c:355)
freed memory 34@0x37e64, size 1280 (C:/prg/_git/germz/deps/ace/src/ace/utils/bitmap.c:353)
freed memory 33@0x268624, size 40 (C:/prg/_git/germz/deps/ace/src/ace/utils/bitmap.c:355)
freed memory 56@0x38bc4, size 25600 (C:/prg/_git/germz/deps/ace/src/ace/utils/bitmap.c:353)
freed memory 55@0x26896c, size 40 (C:/prg/_git/germz/deps/ace/src/ace/utils/bitmap.c:355)
freed memory 58@0x3efcc, size 25600 (C:/prg/_git/germz/deps/ace/src/ace/utils/bitmap.c:353)
freed memory 57@0x2689bc, size 40 (C:/prg/_git/germz/deps/ace/src/ace/utils/bitmap.c:355)
freed memory 53@0x2688cc, size 64 (C:/prg/_git/germz/src/bob_new.c:88)
freed memory 54@0x268914, size 64 (C:/prg/_git/germz/src/bob_new.c:91)
freed memory 14@0x267e74, size 36 (C:/prg/_git/germz/deps/ace/src/ace/managers/viewport/camera.c:36)
freed memory 16@0x2684a4, size 60 (C:/prg/_git/germz/deps/ace/src/ace/managers/copper.c:271)
freed memory 15@0x267f54, size 20 (C:/prg/_git/germz/deps/ace/src/ace/managers/copper.c:272)
freed memory 11@0x1c614, size 51200 (C:/prg/_git/germz/deps/ace/src/ace/utils/bitmap.c:353)
freed memory 10@0x267c3c, size 40 (C:/prg/_git/germz/deps/ace/src/ace/utils/bitmap.c:355)
freed memory 13@0x28e1c, size 51200 (C:/prg/_git/germz/deps/ace/src/ace/utils/bitmap.c:353)
freed memory 12@0x267ce4, size 40 (C:/prg/_git/germz/deps/ace/src/ace/utils/bitmap.c:355)
freed memory 9@0x267a4c, size 42 (C:/prg/_git/germz/deps/ace/src/ace/managers/viewport/simplebuffer.c:229)
freed memory 8@0x267b9c, size 88 (C:/prg/_git/germz/deps/ace/src/ace/utils/extview.c:257)
freed memory 60@0x45424, size 68 (C:/prg/_git/germz/deps/ace/src/ace/managers/copper.c:196)
freed memory 6@0x26733c, size 8 (C:/prg/_git/germz/deps/ace/src/ace/managers/copper.c:198)
freed memory 59@0x453d4, size 68 (C:/prg/_git/germz/deps/ace/src/ace/managers/copper.c:202)
freed memory 7@0x267a1c, size 8 (C:/prg/_git/germz/deps/ace/src/ace/managers/copper.c:204)
freed memory 5@0x26779c, size 16 (C:/prg/_git/germz/deps/ace/src/ace/managers/copper.c:207)
freed memory 4@0x266fdc, size 12 (C:/prg/_git/germz/deps/ace/src/ace/utils/extview.c:69)
freed memory 52@0x27c1c4, size 2796 (C:/prg/_git/germz/src/map.c:178)
freed memory 3@0x231d34, size 16 (C:/prg/_git/germz/deps/ace/src/ace/managers/game.c:104)
freed memory 2@0x231cbc, size 8 (C:/prg/_git/germz/deps/ace/src/ace/managers/copper.c:198)
freed memory 1@0x231b6c, size 8 (C:/prg/_git/germz/deps/ace/src/ace/managers/copper.c:204)
freed memory 0@0x2193ec, size 16 (C:/prg/_git/germz/deps/ace/src/ace/managers/copper.c:207)

=============== MEMORY MANAGER DESTROY ==============
If something is deallocated past here, you're a wuss!
Peak usage: CHIP: 167336, FAST: 4460
